Performing C SOURCE FILE Test CMAKE_HAVE_LIBC_PTHREAD failed with the following output:
Change Dir: /home/ufo/personal/research/fuzzing/nginx/LPM/CMakeFiles/CMakeTmp

Run Build Command(s):/usr/bin/ninja cmTC_27b31 && [1/2] Building C object CMakeFiles/cmTC_27b31.dir/src.c.o
[2/2] Linking C executable cmTC_27b31
FAILED: cmTC_27b31 
: && /usr/bin/cc   CMakeFiles/cmTC_27b31.dir/src.c.o -o cmTC_27b31   && :
/usr/bin/ld: CMakeFiles/cmTC_27b31.dir/src.c.o: in function `main':
src.c:(.text+0x3e): undefined reference to `pthread_create'
/usr/bin/ld: src.c:(.text+0x4a): undefined reference to `pthread_detach'
/usr/bin/ld: src.c:(.text+0x56): undefined reference to `pthread_cancel'
/usr/bin/ld: src.c:(.text+0x67): undefined reference to `pthread_join'
collect2: error: ld returned 1 exit status
ninja: build stopped: subcommand failed.


Source file was:
#include <pthread.h>

static void* test_func(void* data)
{
  return data;
}

int main(void)
{
  pthread_t thread;
  pthread_create(&thread, NULL, test_func, NULL);
  pthread_detach(thread);
  pthread_cancel(thread);
  pthread_join(thread, NULL);
  pthread_atfork(NULL, NULL, NULL);
  pthread_exit(NULL);

  return 0;
}

Performing C++ SOURCE FILE Test LIB_PROTO_MUTATOR_HAS_NO_COVERAGE failed with the following output:
Change Dir: /home/ufo/personal/research/fuzzing/nginx/LPM/CMakeFiles/CMakeTmp

Run Build Command(s):/usr/bin/ninja cmTC_03cf0 && [1/2] Building CXX object CMakeFiles/cmTC_03cf0.dir/src.cxx.o
FAILED: CMakeFiles/cmTC_03cf0.dir/src.cxx.o 
/usr/bin/c++ -DLIB_PROTO_MUTATOR_HAS_NO_COVERAGE  -fsanitize-coverage=0   -fsanitize-coverage= -o CMakeFiles/cmTC_03cf0.dir/src.cxx.o -c /home/ufo/personal/research/fuzzing/nginx/LPM/CMakeFiles/CMakeTmp/src.cxx
c++: error: missing argument to '-fsanitize-coverage='
ninja: build stopped: subcommand failed.


Source file was:
int main() { return 0; }
Performing C++ SOURCE FILE Test LIB_PROTO_MUTATOR_HAS_SANITIZE_FUZZER failed with the following output:
Change Dir: /home/ufo/personal/research/fuzzing/nginx/LPM/CMakeFiles/CMakeTmp

Run Build Command(s):/usr/bin/ninja cmTC_1dbc0 && [1/2] Building CXX object CMakeFiles/cmTC_1dbc0.dir/src.cxx.o
FAILED: CMakeFiles/cmTC_1dbc0.dir/src.cxx.o 
/usr/bin/c++ -DLIB_PROTO_MUTATOR_HAS_SANITIZE_FUZZER  -fsanitize=fuzzer-no-link   -fsanitize=fuzzer-no-link -o CMakeFiles/cmTC_1dbc0.dir/src.cxx.o -c /home/ufo/personal/research/fuzzing/nginx/LPM/CMakeFiles/CMakeTmp/src.cxx
c++: error: unrecognized argument to '-fsanitize=' option: 'fuzzer-no-link'
c++: error: unrecognized argument to '-fsanitize=' option: 'fuzzer-no-link'
ninja: build stopped: subcommand failed.


Source file was:
int main() { return 0; }
Performing C++ SOURCE FILE Test LIB_PROTO_MUTATOR_HAS_NO_SANITIZE_FUZZER failed with the following output:
Change Dir: /home/ufo/personal/research/fuzzing/nginx/LPM/CMakeFiles/CMakeTmp

Run Build Command(s):/usr/bin/ninja cmTC_c237d && [1/2] Building CXX object CMakeFiles/cmTC_c237d.dir/src.cxx.o
FAILED: CMakeFiles/cmTC_c237d.dir/src.cxx.o 
/usr/bin/c++ -DLIB_PROTO_MUTATOR_HAS_NO_SANITIZE_FUZZER  -fno-sanitize=fuzzer   -fno-sanitize=fuzzer -o CMakeFiles/cmTC_c237d.dir/src.cxx.o -c /home/ufo/personal/research/fuzzing/nginx/LPM/CMakeFiles/CMakeTmp/src.cxx
c++: error: unrecognized argument to '-fno-sanitize=' option: 'fuzzer'
c++: error: unrecognized argument to '-fno-sanitize=' option: 'fuzzer'
ninja: build stopped: subcommand failed.


Source file was:
int main() { return 0; }
Performing C++ SOURCE FILE Test LIB_PROTO_MUTATOR_HAS_WSTRING_CONVERSION failed with the following output:
Change Dir: /home/ufo/personal/research/fuzzing/nginx/LPM/CMakeFiles/CMakeTmp

Run Build Command(s):/usr/bin/ninja cmTC_88874 && [1/2] Building CXX object CMakeFiles/cmTC_88874.dir/src.cxx.o
FAILED: CMakeFiles/cmTC_88874.dir/src.cxx.o 
/usr/bin/c++ -DLIB_PROTO_MUTATOR_HAS_WSTRING_CONVERSION  -Wstring-conversion -o CMakeFiles/cmTC_88874.dir/src.cxx.o -c /home/ufo/personal/research/fuzzing/nginx/LPM/CMakeFiles/CMakeTmp/src.cxx
c++: error: unrecognized command-line option '-Wstring-conversion'; did you mean '-Wsign-conversion'?
ninja: build stopped: subcommand failed.


Source file was:
int main() { return 0; }
